2025-10-22 19:24:09 [DEBUG] Sims4ModTool: Settings loaded from settings.json
2025-10-22 19:24:09 [DEBUG] Sims4ModTool: Application starting with log level: DEBUG
2025-10-22 19:25:03 [DEBUG] Sims4ModTool: Settings saved to settings.json
2025-10-22 19:25:03 [INFO] Sims4ModTool: Configuration updated (mod dir: C:/Users/sn8k/Documents/Electronic Arts/Les Sims 4/Mods)
2025-10-22 19:27:24 [INFO] Sims4ModTool: Log level set to DEBUG
2025-10-22 19:27:33 [DEBUG] Sims4ModTool: Settings saved to settings.json
2025-10-22 19:27:33 [INFO] Sims4ModTool: Refreshing tree for directory: C:/Users/sn8k/Documents/Electronic Arts/Les Sims 4/Mods
2025-10-22 19:27:34 [DEBUG] Sims4ModTool: Scanning directory: C:/Users/sn8k/Documents/Electronic Arts/Les Sims 4/Mods
2025-10-22 19:27:37 [DEBUG] Sims4ModTool: Scan complete. Found 10126 relevant files
2025-10-22 19:27:52 [DEBUG] Sims4ModTool: Tree refreshed. Rows: 10010
2025-10-22 19:32:56 [DEBUG] Sims4ModTool: Settings loaded from settings.json
2025-10-22 19:32:56 [DEBUG] Sims4ModTool: Application starting with log level: DEBUG
2025-10-22 19:33:00 [INFO] Sims4ModTool: Duplicate scan in C:\Users\sn8k\Documents\Electronic Arts\Les Sims 4\Mods: 0 groups
2025-10-22 19:33:10 [INFO] Sims4ModTool: Duplicate scan in C:\Users\sn8k\Documents\Electronic Arts\Les Sims 4\Mods: 0 groups
2025-10-22 19:36:03 [DEBUG] Sims4ModTool: Settings loaded from settings.json
2025-10-22 19:36:03 [DEBUG] Sims4ModTool: Application starting with log level: DEBUG
2025-10-22 19:36:08 [INFO] Sims4ModTool: Duplicate scan in C:\Users\sn8k\Documents\Electronic Arts\Les Sims 4\Mods: 0 groups
2025-10-22 19:36:17 [INFO] Sims4ModTool: Duplicate scan in C:\Users\sn8k\Documents\Electronic Arts\Les Sims 4\Mods: 0 groups
2025-10-22 19:44:31 [DEBUG] Sims4ModTool: Settings loaded from settings.json
2025-10-22 19:44:31 [DEBUG] Sims4ModTool: Application starting with log level: DEBUG
2025-10-22 19:45:49 [DEBUG] Sims4ModTool: Settings saved to settings.json
2025-10-22 19:45:49 [INFO] Sims4ModTool: Refreshing tree for directory: C:/Users/sn8k/Documents/Electronic Arts/Les Sims 4/Mods
2025-10-22 19:45:49 [DEBUG] Sims4ModTool: Scanning directory: C:/Users/sn8k/Documents/Electronic Arts/Les Sims 4/Mods
2025-10-22 19:45:52 [DEBUG] Sims4ModTool: Scan complete. Found 10126 relevant files
2025-10-22 19:46:35 [DEBUG] Sims4ModTool: Tree refreshed. Rows: 10010
2025-10-22 19:46:38 [INFO] Sims4ModTool: Cache cleared. Removed: localthumbcache.package, localsimtexturecache.package, avatarcache.package, cachestr, onlinethumbnailcache, Missing: —, Errors: —
2025-10-22 19:57:43 [DEBUG] Sims4ModTool: Settings loaded from settings.json
2025-10-22 19:57:43 [DEBUG] Sims4ModTool: Application starting with log level: DEBUG
2025-10-22 20:02:37 [DEBUG] Sims4ModTool: Settings saved to settings.json
2025-10-22 20:02:37 [INFO] Sims4ModTool: Refreshing tree for directory: C:/Users/sn8k/Documents/Electronic Arts/Les Sims 4/Mods
2025-10-22 20:02:37 [DEBUG] Sims4ModTool: Scanning directory: C:/Users/sn8k/Documents/Electronic Arts/Les Sims 4/Mods
2025-10-22 20:02:40 [DEBUG] Sims4ModTool: Scan complete. Found 10126 relevant files
2025-10-22 20:03:30 [DEBUG] Sims4ModTool: Tree refreshed. Rows: 10010
2025-10-22 20:07:35 [DEBUG] Sims4ModTool: Settings saved to settings.json
2025-10-22 20:07:35 [INFO] Sims4ModTool: Refreshing tree for directory: C:/Users/sn8k/Documents/Electronic Arts/Les Sims 4/Mods
2025-10-22 20:07:35 [DEBUG] Sims4ModTool: Scanning directory: C:/Users/sn8k/Documents/Electronic Arts/Les Sims 4/Mods
2025-10-22 20:07:38 [DEBUG] Sims4ModTool: Scan complete. Found 10197 relevant files
2025-10-22 20:07:41 [DEBUG] Sims4ModTool: Tree refreshed. Rows: 10010
2025-10-22 20:07:42 [INFO] Sims4ModTool: Cache cleared. Removed: —, Missing: localthumbcache.package, localsimtexturecache.package, avatarcache.package, cachestr, onlinethumbnailcache, Errors: —
2025-10-22 20:07:46 [DEBUG] Sims4ModTool: Settings saved to settings.json
2025-10-22 20:08:33 [DEBUG] Sims4ModTool: Settings saved to settings.json
2025-10-22 20:09:50 [DEBUG] Sims4ModTool: Settings saved to settings.json
2025-10-22 20:09:50 [INFO] Sims4ModTool: Refreshing tree for directory: C:/Users/sn8k/Documents/Electronic Arts/Les Sims 4/Mods
2025-10-22 20:09:50 [DEBUG] Sims4ModTool: Scanning directory: C:/Users/sn8k/Documents/Electronic Arts/Les Sims 4/Mods
2025-10-22 20:09:53 [DEBUG] Sims4ModTool: Scan complete. Found 10126 relevant files
2025-10-22 20:09:56 [DEBUG] Sims4ModTool: Tree refreshed. Rows: 10010
2025-10-22 20:10:08 [INFO] Sims4ModTool: Cache cleared. Removed: —, Missing: localthumbcache.package, localsimtexturecache.package, avatarcache.package, cachestr, onlinethumbnailcache, Errors: —
2025-10-22 20:28:29 [DEBUG] Sims4ModTool: Settings loaded from settings.json
2025-10-22 20:28:29 [DEBUG] Sims4ModTool: Application starting with log level: DEBUG
2025-10-22 20:28:39 [DEBUG] Sims4ModTool: Settings saved to settings.json
2025-10-22 20:28:45 [DEBUG] Sims4ModTool: Settings saved to settings.json
2025-10-22 20:28:45 [INFO] Sims4ModTool: Refreshing tree for directory: C:/Users/sn8k/Documents/Electronic Arts/Les Sims 4/Mods
2025-10-22 20:28:45 [DEBUG] Sims4ModTool: Scanning directory: C:/Users/sn8k/Documents/Electronic Arts/Les Sims 4/Mods
2025-10-22 20:28:48 [DEBUG] Sims4ModTool: Scan complete. Found 10126 relevant files
2025-10-22 20:28:50 [DEBUG] Sims4ModTool: Tree refreshed. Rows: 64
2025-10-22 20:29:05 [DEBUG] Sims4ModTool: Settings saved to settings.json
2025-10-22 20:29:05 [DEBUG] Sims4ModTool: Scanning directory: C:/Users/sn8k/Documents/Electronic Arts/Les Sims 4/Mods
2025-10-22 20:29:08 [DEBUG] Sims4ModTool: Scan complete. Found 10126 relevant files
2025-10-22 20:29:10 [DEBUG] Sims4ModTool: Table refreshed only. Rows: 64
2025-10-22 20:29:13 [DEBUG] Sims4ModTool: Settings saved to settings.json
2025-10-22 20:29:41 [DEBUG] Sims4ModTool: Settings loaded from settings.json
2025-10-22 20:29:41 [DEBUG] Sims4ModTool: Application starting with log level: DEBUG
2025-10-22 20:30:21 [DEBUG] Sims4ModTool: Settings loaded from settings.json
2025-10-22 20:30:21 [DEBUG] Sims4ModTool: Application starting with log level: DEBUG
2025-10-22 20:30:32 [DEBUG] Sims4ModTool: Settings saved to settings.json
2025-10-22 20:30:37 [DEBUG] Sims4ModTool: Settings saved to settings.json
2025-10-22 20:30:37 [INFO] Sims4ModTool: Refreshing tree for directory: C:/Users/sn8k/Documents/Electronic Arts/Les Sims 4/Mods
2025-10-22 20:30:37 [DEBUG] Sims4ModTool: Scanning directory: C:/Users/sn8k/Documents/Electronic Arts/Les Sims 4/Mods
2025-10-22 20:30:40 [DEBUG] Sims4ModTool: Scan complete. Found 10126 relevant files
2025-10-22 20:30:42 [DEBUG] Sims4ModTool: Tree refreshed. Rows: 10011
2025-10-22 20:32:35 [DEBUG] Sims4ModTool: Settings saved to settings.json
2025-10-22 20:32:35 [INFO] Sims4ModTool: Refreshing tree for directory: C:/Users/sn8k/Documents/Electronic Arts/Les Sims 4/Mods
2025-10-22 20:32:35 [DEBUG] Sims4ModTool: Scanning directory: C:/Users/sn8k/Documents/Electronic Arts/Les Sims 4/Mods
2025-10-22 20:32:38 [DEBUG] Sims4ModTool: Scan complete. Found 10126 relevant files
2025-10-22 20:32:40 [DEBUG] Sims4ModTool: Tree refreshed. Rows: 10011
2025-10-22 20:32:52 [DEBUG] Sims4ModTool: Settings saved to settings.json
2025-10-22 20:32:52 [DEBUG] Sims4ModTool: Scanning directory: C:/Users/sn8k/Documents/Electronic Arts/Les Sims 4/Mods
2025-10-22 20:32:55 [DEBUG] Sims4ModTool: Scan complete. Found 10126 relevant files
2025-10-22 20:32:57 [DEBUG] Sims4ModTool: Table refreshed only. Rows: 10000
2025-10-22 20:33:01 [DEBUG] Sims4ModTool: Settings saved to settings.json
2025-10-22 20:33:08 [DEBUG] Sims4ModTool: Settings saved to settings.json
2025-10-22 20:33:08 [DEBUG] Sims4ModTool: Scanning directory: C:/Users/sn8k/Documents/Electronic Arts/Les Sims 4/Mods
2025-10-22 20:33:11 [DEBUG] Sims4ModTool: Scan complete. Found 10126 relevant files
2025-10-22 20:33:13 [DEBUG] Sims4ModTool: Table refreshed only. Rows: 126
2025-10-22 20:33:16 [DEBUG] Sims4ModTool: Settings saved to settings.json
2025-10-22 20:33:16 [DEBUG] Sims4ModTool: Scanning directory: C:/Users/sn8k/Documents/Electronic Arts/Les Sims 4/Mods
2025-10-22 20:33:19 [DEBUG] Sims4ModTool: Scan complete. Found 10126 relevant files
2025-10-22 20:33:21 [DEBUG] Sims4ModTool: Table refreshed only. Rows: 64
2025-10-22 20:33:26 [DEBUG] Sims4ModTool: Settings saved to settings.json
2025-10-22 20:33:28 [DEBUG] Sims4ModTool: Settings saved to settings.json
2025-10-22 20:53:17 [DEBUG] Sims4ModTool: Settings loaded from settings.json
2025-10-22 20:53:17 [DEBUG] Sims4ModTool: Application starting with log level: DEBUG
2025-10-22 20:53:17 [DEBUG] Sims4ModTool: Settings saved to settings.json
2025-10-22 20:53:17 [INFO] Sims4ModTool: Refreshing tree for directory: C:/Users/sn8k/Documents/Electronic Arts/Les Sims 4/Mods
2025-10-22 20:53:17 [DEBUG] Sims4ModTool: Scanning directory: C:/Users/sn8k/Documents/Electronic Arts/Les Sims 4/Mods
2025-10-22 20:53:20 [DEBUG] Sims4ModTool: Scan complete. Found 10126 relevant files
2025-10-22 20:53:22 [DEBUG] Sims4ModTool: Tree refreshed. Rows: 64
2025-10-22 20:53:38 [DEBUG] Sims4ModTool: Settings saved to settings.json
2025-10-22 20:53:38 [DEBUG] Sims4ModTool: Scanning directory: C:/Users/sn8k/Documents/Electronic Arts/Les Sims 4/Mods
2025-10-22 20:53:41 [DEBUG] Sims4ModTool: Scan complete. Found 10126 relevant files
2025-10-22 20:54:30 [DEBUG] Sims4ModTool: Table refreshed only. Rows: 10000
2025-10-22 21:16:58 [DEBUG] Sims4ModTool: Settings loaded from settings.json
2025-10-22 21:16:58 [DEBUG] Sims4ModTool: Application starting with log level: DEBUG
2025-10-22 21:16:58 [DEBUG] Sims4ModTool: Settings saved to settings.json
2025-10-22 21:16:58 [INFO] Sims4ModTool: Refreshing tree for directory: C:/Users/sn8k/Documents/Electronic Arts/Les Sims 4/Mods
2025-10-22 21:16:58 [DEBUG] Sims4ModTool: Scanning directory: C:/Users/sn8k/Documents/Electronic Arts/Les Sims 4/Mods
2025-10-22 21:17:02 [DEBUG] Sims4ModTool: Scan complete. Found 10126 relevant files
2025-10-22 21:17:26 [DEBUG] Sims4ModTool: Settings loaded from settings.json
2025-10-22 21:17:26 [DEBUG] Sims4ModTool: Application starting with log level: DEBUG
2025-10-22 21:17:26 [DEBUG] Sims4ModTool: Settings saved to settings.json
2025-10-22 21:17:26 [INFO] Sims4ModTool: Refreshing tree for directory: C:/Users/sn8k/Documents/Electronic Arts/Les Sims 4/Mods
2025-10-22 21:17:26 [DEBUG] Sims4ModTool: Scanning directory: C:/Users/sn8k/Documents/Electronic Arts/Les Sims 4/Mods
2025-10-22 21:17:31 [DEBUG] Sims4ModTool: Scan complete. Found 10126 relevant files
2025-10-22 21:18:20 [DEBUG] Sims4ModTool: Tree refreshed. Rows: 10000
2025-10-22 21:19:07 [INFO] Sims4ModTool: Duplicate scan in C:\Users\sn8k\Documents\Electronic Arts\Les Sims 4\Mods: 0 groups
2025-10-22 21:19:20 [INFO] Sims4ModTool: Duplicate scan in C:\Users\sn8k\Documents\Electronic Arts\Les Sims 4\Mods: 0 groups
2025-10-22 21:20:02 [DEBUG] Sims4ModTool: Settings saved to settings.json
2025-10-22 21:20:16 [DEBUG] Sims4ModTool: Settings saved to settings.json
2025-10-22 21:42:32 [DEBUG] Sims4ModTool: Settings loaded from settings.json
2025-10-22 21:42:32 [DEBUG] Sims4ModTool: Application starting with log level: DEBUG
2025-10-22 21:42:32 [DEBUG] Sims4ModTool: Settings saved to settings.json
2025-10-22 21:42:32 [INFO] Sims4ModTool: Refreshing tree for directory: C:/Users/sn8k/Documents/Electronic Arts/Les Sims 4/Mods
2025-10-22 21:42:32 [DEBUG] Sims4ModTool: Scanning directory: C:/Users/sn8k/Documents/Electronic Arts/Les Sims 4/Mods
2025-10-22 21:42:37 [DEBUG] Sims4ModTool: Scan complete. Found 10126 relevant files
2025-10-22 21:42:39 [DEBUG] Sims4ModTool: Tree refreshed. Rows: 10000
2025-10-22 21:43:57 [INFO] Sims4ModTool: Duplicate scan in C:\Users\sn8k\Documents\Electronic Arts\Les Sims 4\Mods: 0 groups
2025-10-22 21:55:11 [DEBUG] Sims4ModTool: Settings loaded from settings.json
2025-10-22 21:55:11 [DEBUG] Sims4ModTool: Application starting with log level: DEBUG
2025-10-22 21:55:11 [DEBUG] Sims4ModTool: Settings saved to settings.json
2025-10-22 21:55:11 [INFO] Sims4ModTool: Refreshing tree for directory: C:/Users/sn8k/Documents/Electronic Arts/Les Sims 4/Mods
2025-10-22 21:55:11 [DEBUG] Sims4ModTool: Scanning directory: C:/Users/sn8k/Documents/Electronic Arts/Les Sims 4/Mods
2025-10-22 21:55:16 [DEBUG] Sims4ModTool: Scan complete. Found 10126 relevant files
2025-10-22 21:55:18 [DEBUG] Sims4ModTool: Tree refreshed. Rows: 10000
2025-10-22 22:09:25 [DEBUG] Sims4ModTool: Settings loaded from settings.json
2025-10-22 22:09:25 [DEBUG] Sims4ModTool: Application starting with log level: DEBUG
2025-10-22 22:09:25 [DEBUG] Sims4ModTool: Settings saved to settings.json
2025-10-22 22:09:25 [INFO] Sims4ModTool: Refreshing tree for directory: C:/Users/sn8k/Documents/Electronic Arts/Les Sims 4/Mods
2025-10-22 22:09:26 [DEBUG] Sims4ModTool: Scanning directory: C:/Users/sn8k/Documents/Electronic Arts/Les Sims 4/Mods
2025-10-22 22:09:31 [DEBUG] Sims4ModTool: Scan complete. Found 10126 relevant files
2025-10-22 22:09:33 [DEBUG] Sims4ModTool: Tree refreshed. Rows: 10000
2025-10-22 22:12:33 [DEBUG] Sims4ModTool: Settings saved to settings.json
2025-10-22 22:12:36 [DEBUG] Sims4ModTool: Settings saved to settings.json
2025-10-22 22:12:38 [DEBUG] Sims4ModTool: Settings saved to settings.json
2025-10-22 22:20:37 [DEBUG] Sims4ModTool: Settings loaded from settings.json
2025-10-22 22:20:37 [DEBUG] Sims4ModTool: Application starting with log level: DEBUG
2025-10-22 23:05:07 [DEBUG] Sims4ModTool: Settings loaded from settings.json
2025-10-22 23:05:07 [DEBUG] Sims4ModTool: Application starting with log level: DEBUG
2025-10-22 23:05:07 [DEBUG] Sims4ModTool: Settings saved to settings.json
2025-10-22 23:05:07 [INFO] Sims4ModTool: Refreshing tree for directory: C:/Users/sn8k/Documents/Electronic Arts/Les Sims 4/Mods
2025-10-22 23:05:07 [DEBUG] Sims4ModTool: Scanning directory: C:/Users/sn8k/Documents/Electronic Arts/Les Sims 4/Mods
2025-10-22 23:05:12 [DEBUG] Sims4ModTool: Scan complete. Found 10126 relevant files
2025-10-22 23:05:15 [DEBUG] Sims4ModTool: Tree refreshed. Rows: 10000
